\BOOKMARK [1][-]{section.1}{Introduction}{}% 1
\BOOKMARK [1][-]{section.2}{Open Source SDN Components}{}% 2
\BOOKMARK [2][-]{subsection.2.1}{Controllers}{section.2}% 3
\BOOKMARK [2][-]{subsection.2.2}{Switches}{section.2}% 4
\BOOKMARK [2][-]{subsection.2.3}{Testing and Simulating}{section.2}% 5
\BOOKMARK [2][-]{subsection.2.4}{Other SDN projects}{section.2}% 6
\BOOKMARK [2][-]{subsection.2.5}{Future developments}{section.2}% 7
\BOOKMARK [1][-]{section.3}{SDN-based service chaining for mobile networks}{}% 8
\BOOKMARK [1][-]{section.4}{Introduction}{}% 9
\BOOKMARK [1][-]{section.5}{Open Source SDN Components}{}% 10
\BOOKMARK [2][-]{subsection.5.1}{Controllers}{section.5}% 11
\BOOKMARK [2][-]{subsection.5.2}{Switches}{section.5}% 12
\BOOKMARK [2][-]{subsection.5.3}{Testing and Simulating}{section.5}% 13
\BOOKMARK [2][-]{subsection.5.4}{Other SDN projects}{section.5}% 14
\BOOKMARK [2][-]{subsection.5.5}{Future developments}{section.5}% 15
\BOOKMARK [1][-]{section.6}{SDN-based service chaining for mobile networks}{}% 16
\BOOKMARK [2][-]{subsection.6.1}{Pantou and OpenWRT}{section.6}% 17
\BOOKMARK [2][-]{subsection.6.2}{Network Service Chaining}{section.6}% 18
\BOOKMARK [2][-]{subsection.6.3}{YANG Model and its usage in OpenDaylight}{section.6}% 19
\BOOKMARK [2][-]{subsection.6.4}{LISP and its usage in OpenDaylight}{section.6}% 20
\BOOKMARK [2][-]{subsection.6.5}{OpenEPC and nwEPC}{section.6}% 21
\BOOKMARK [1][-]{section.7}{Discussions}{}% 22
\BOOKMARK [1][-]{section*.15}{References}{}% 23
\BOOKMARK [1][-]{appendix.A}{Open Source Projects}{}% 24
